# JRE version: Java(TM) SE Runtime Environment (8.0_202-b08) (build 1.8.0_202-b08)
# Java VM: Java HotSpot(TM) 64-Bit Server VM (25.202-b08 mixed mode windows-amd64 compressed oops)
Heap:
 PSYoungGen      total 747520K, used 516883K [0x000000076ab00000, 0x00000007a7e80000, 0x00000007c0000000)
  eden space 575488K, 89% used [0x000000076ab00000,0x000000078a3c4c90,0x000000078dd00000)
  from space 172032K, 0% used [0x000000079a180000,0x000000079a180000,0x00000007a4980000)
  to   space 201216K, 0% used [0x000000078dd00000,0x000000078dd00000,0x000000079a180000)
 ParOldGen       total 692224K, used 686976K [0x00000006c0000000, 0x00000006ea400000, 0x000000076ab00000)
  object space 692224K, 99% used [0x00000006c0000000,0x00000006e9ee03c8,0x00000006ea400000)
 Metaspace       used 134286K, capacity 150568K, committed 155072K, reserved 1183744K
  class space    used 18682K, capacity 20131K, committed 21184K, reserved 1048576K
GC Heap History (10 events):
Event: 20.890 GC heap before
{Heap before GC invocations=29 (full 5):
 PSYoungGen      total 747520K, used 742947K [0x000000076ab00000, 0x00000007a7e80000, 0x00000007c0000000)
  eden space 575488K, 100% used [0x000000076ab00000,0x000000078dd00000,0x000000078dd00000)
  from space 172032K, 97% used [0x000000079a180000,0x00000007a4508d00,0x00000007a4980000)
  to   space 201216K, 0% used [0x000000078dd00000,0x000000078dd00000,0x000000079a180000)
 ParOldGen       total 452608K, used 316751K [0x00000006c0000000, 0x00000006dba00000, 0x000000076ab00000)
  object space 452608K, 69% used [0x00000006c0000000,0x00000006d3553ed0,0x00000006dba00000)
 Metaspace       used 134127K, capacity 150296K, committed 155072K, reserved 1183744K
  class space    used 18670K, capacity 20120K, committed 21184K, reserved 1048576K
Event: 21.614 GC heap after
Heap after GC invocations=29 (full 5):
 PSYoungGen      total 747520K, used 742947K [0x000000076ab00000, 0x00000007a7e80000, 0x00000007c0000000)
  eden space 575488K, 100% used [0x000000076ab00000,0x000000078dd00000,0x000000078dd00000)
  from space 172032K, 97% used [0x000000079a180000,0x00000007a4508d00,0x00000007a4980000)
  to   space 201216K, 99% used [0x000000078dd00000,0x000000079a17ff98,0x000000079a180000)
 ParOldGen       total 690176K, used 690140K [0x00000006c0000000, 0x00000006ea200000, 0x000000076ab00000)
  object space 690176K, 99% used [0x00000006c0000000,0x00000006ea1f70e8,0x00000006ea200000)
 Metaspace       used 134127K, capacity 150296K, committed 155072K, reserved 1183744K
  class space    used 18670K, capacity 20120K, committed 21184K, reserved 1048576K
}
Event: 21.614 GC heap before
{Heap before GC invocations=30 (full 6):
 PSYoungGen      total 747520K, used 742947K [0x000000076ab00000, 0x00000007a7e80000, 0x00000007c0000000)
  eden space 575488K, 100% used [0x000000076ab00000,0x000000078dd00000,0x000000078dd00000)
  from space 172032K, 97% used [0x000000079a180000,0x00000007a4508d00,0x00000007a4980000)
  to   space 201216K, 99% used [0x000000078dd00000,0x000000079a17ff98,0x000000079a180000)
 ParOldGen       total 690176K, used 690140K [0x00000006c0000000, 0x00000006ea200000, 0x000000076ab00000)
  object space 690176K, 99% used [0x00000006c0000000,0x00000006ea1f70e8,0x00000006ea200000)
 Metaspace       used 134127K, capacity 150296K, committed 155072K, reserved 1183744K
  class space    used 18670K, capacity 20120K, committed 21184K, reserved 1048576K
Event: 23.102 GC heap after
Heap after GC invocations=30 (full 6):
 PSYoungGen      total 747520K, used 0K [0x000000076ab00000, 0x00000007a7e80000, 0x00000007c0000000)
  eden space 575488K, 0% used [0x000000076ab00000,0x000000076ab00000,0x000000078dd00000)
  from space 172032K, 0% used [0x000000079a180000,0x000000079a180000,0x00000007a4980000)
  to   space 201216K, 71% used [0x000000078dd00000,0x0000000796a7a3b8,0x000000079a180000)
 ParOldGen       total 690176K, used 688123K [0x00000006c0000000, 0x00000006ea200000, 0x000000076ab00000)
  object space 690176K, 99% used [0x00000006c0000000,0x00000006e9ffef58,0x00000006ea200000)
 Metaspace       used 134095K, capacity 150242K, committed 155072K, reserved 1183744K
  class space    used 18665K, capacity 20111K, committed 21184K, reserved 1048576K
}
Event: 23.643 GC heap before
{Heap before GC invocations=31 (full 7):
 PSYoungGen      total 747520K, used 575488K [0x000000076ab00000, 0x00000007a7e80000, 0x00000007c0000000)
  eden space 575488K, 100% used [0x000000076ab00000,0x000000078dd00000,0x000000078dd00000)
  from space 172032K, 0% used [0x000000079a180000,0x000000079a180000,0x00000007a4980000)
  to   space 201216K, 71% used [0x000000078dd00000,0x0000000796a7a3b8,0x000000079a180000)
 ParOldGen       total 690176K, used 688123K [0x00000006c0000000, 0x00000006ea200000, 0x000000076ab00000)
  object space 690176K, 99% used [0x00000006c0000000,0x00000006e9ffef58,0x00000006ea200000)
 Metaspace       used 134217K, capacity 150416K, committed 155072K, reserved 1183744K
  class space    used 18681K, capacity 20129K, committed 21184K, reserved 1048576K
Event: 24.272 GC heap after
Heap after GC invocations=31 (full 7):
 PSYoungGen      total 747520K, used 267116K [0x000000076ab00000, 0x00000007a7e80000, 0x00000007c0000000)
  eden space 575488K, 46% used [0x000000076ab00000,0x000000077afdb328,0x000000078dd00000)
  from space 172032K, 0% used [0x000000079a180000,0x000000079a180000,0x00000007a4980000)
  to   space 201216K, 0% used [0x000000078dd00000,0x000000078dd00000,0x000000079a180000)
 ParOldGen       total 690176K, used 688854K [0x00000006c0000000, 0x00000006ea200000, 0x000000076ab00000)
  object space 690176K, 99% used [0x00000006c0000000,0x00000006ea0b5888,0x00000006ea200000)
 Metaspace       used 134215K, capacity 150410K, committed 155072K, reserved 1183744K
  class space    used 18680K, capacity 20128K, committed 21184K, reserved 1048576K
}
Event: 24.509 GC heap before
{Heap before GC invocations=32 (full 8):
 PSYoungGen      total 747520K, used 575488K [0x000000076ab00000, 0x00000007a7e80000, 0x00000007c0000000)
  eden space 575488K, 100% used [0x000000076ab00000,0x000000078dd00000,0x000000078dd00000)
  from space 172032K, 0% used [0x000000079a180000,0x000000079a180000,0x00000007a4980000)
  to   space 201216K, 0% used [0x000000078dd00000,0x000000078dd00000,0x000000079a180000)
 ParOldGen       total 690176K, used 689825K [0x00000006c0000000, 0x00000006ea200000, 0x000000076ab00000)
  object space 690176K, 99% used [0x00000006c0000000,0x00000006ea1a84d8,0x00000006ea200000)
 Metaspace       used 134217K, capacity 150410K, committed 155072K, reserved 1183744K
  class space    used 18680K, capacity 20128K, committed 21184K, reserved 1048576K
Event: 25.139 GC heap after
Heap after GC invocations=32 (full 8):
 PSYoungGen      total 747520K, used 262932K [0x000000076ab00000, 0x00000007a7e80000, 0x00000007c0000000)
  eden space 575488K, 45% used [0x000000076ab00000,0x000000077abc5220,0x000000078dd00000)
  from space 172032K, 0% used [0x000000079a180000,0x000000079a180000,0x00000007a4980000)
  to   space 201216K, 0% used [0x000000078dd00000,0x000000078dd00000,0x000000079a180000)
 ParOldGen       total 690176K, used 690134K [0x00000006c0000000, 0x00000006ea200000, 0x000000076ab00000)
  object space 690176K, 99% used [0x00000006c0000000,0x00000006ea1f5bc0,0x00000006ea200000)
 Metaspace       used 134217K, capacity 150410K, committed 155072K, reserved 1183744K
  class space    used 18680K, capacity 20128K, committed 21184K, reserved 1048576K
}
Event: 25.401 GC heap before
{Heap before GC invocations=33 (full 9):
 PSYoungGen      total 747520K, used 575488K [0x000000076ab00000, 0x00000007a7e80000, 0x00000007c0000000)
  eden space 575488K, 100% used [0x000000076ab00000,0x000000078dd00000,0x000000078dd00000)
  from space 172032K, 0% used [0x000000079a180000,0x000000079a180000,0x00000007a4980000)
  to   space 201216K, 0% used [0x000000078dd00000,0x000000078dd00000,0x000000079a180000)
 ParOldGen       total 692224K, used 692011K [0x00000006c0000000, 0x00000006ea400000, 0x000000076ab00000)
  object space 692224K, 99% used [0x00000006c0000000,0x00000006ea3cafc0,0x00000006ea400000)
 Metaspace       used 134221K, capacity 150410K, committed 155072K, reserved 1183744K
  class space    used 18680K, capacity 20128K, committed 21184K, reserved 1048576K
Event: 25.697 GC heap after
Heap after GC invocations=33 (full 9):
 PSYoungGen      total 747520K, used 185001K [0x000000076ab00000, 0x00000007a7e80000, 0x00000007c0000000)
  eden space 575488K, 32% used [0x000000076ab00000,0x0000000775faa678,0x000000078dd00000)
  from space 172032K, 0% used [0x000000079a180000,0x000000079a180000,0x00000007a4980000)
  to   space 201216K, 0% used [0x000000078dd00000,0x000000078dd00000,0x000000079a180000)
 ParOldGen       total 692224K, used 686976K [0x00000006c0000000, 0x00000006ea400000, 0x000000076ab00000)
  object space 692224K, 99% used [0x00000006c0000000,0x00000006e9ee03c8,0x00000006ea400000)
 Metaspace       used 134221K, capacity 150410K, committed 155072K, reserved 1183744K
  class space    used 18680K, capacity 20128K, committed 21184K, reserved 1048576K
}

